<?xml version="1.0" encoding="UTF-8"?>
<testng-results ignored="0" total="1" passed="1" failed="0" skipped="0">
  <reporter-output>
  </reporter-output>
  <suite started-at="2026-03-28T18:31:48 IST" name="Default suite" finished-at="2026-03-28T18:32:07 IST" duration-ms="18560">
    <groups>
    </groups>
    <test started-at="2026-03-28T18:31:48 IST" name="Default test" finished-at="2026-03-28T18:32:07 IST" duration-ms="18560">
      <class name="Learning_TestNG.Fetch_Data_From_Excel">
        <test-method signature="RegisterTest()[pri:0, instance:Learning_TestNG.Fetch_Data_From_Excel@292b08d6]" started-at="2026-03-28T18:31:48 IST" name="RegisterTest" finished-at="2026-03-28T18:32:07 IST" duration-ms="18474" status="PASS">
          <reporter-output>
          </reporter-output>
        </test-method> <!-- RegisterTest -->
      </class> <!-- Learning_TestNG.Fetch_Data_From_Excel -->
    </test> <!-- Default test -->
  </suite> <!-- Default suite -->
</testng-results>
