<?xml version="1.0" encoding="UTF-8"?>
<!-- Generated by org.testng.reporters.JUnitReportReporter -->
<testsuite hostname="DESKTOP-H20GP14" failures="0" tests="3" name="testScripts.CartTest" time="18.338" errors="0" timestamp="2026-03-28T18:04:29 IST" skipped="0">
  <testcase classname="testScripts.CartTest" name="addToCartTest" time="5.034">
    <system-out>
      <![CDATA[Add To Cart]]>
    </system-out>
  </testcase> <!-- addToCartTest -->
  <testcase classname="testScripts.CartTest" name="updateProductCountTest" time="7.485">
    <system-out>
      <![CDATA[Update Cart]]>
    </system-out>
  </testcase> <!-- updateProductCountTest -->
  <testcase classname="testScripts.CartTest" name="removeFromCartTest" time="5.819">
    <system-out>
      <![CDATA[Remove From Cart]]>
    </system-out>
  </testcase> <!-- removeFromCartTest -->
  <system-out>
    <![CDATA[Browser Opened Successfully
User Logged In Successfully
Add To Cart
User Logged out Successfully
User Logged In Successfully
Update Cart
User Logged out Successfully
User Logged In Successfully
Remove From Cart
User Logged out Successfully
Browser Closed Successfully]]>
  </system-out>
</testsuite> <!-- testScripts.CartTest -->
