<?xml version="1.0" encoding="UTF-8"?>
<!-- Generated by org.testng.reporters.JUnitReportReporter -->
<testsuite hostname="DESKTOP-H20GP14" failures="0" tests="1" name="Learning_TestNG.First_TestNG_Class" time="0.024" errors="0" timestamp="2026-03-16T13:42:01 IST" skipped="0">
  <testcase classname="Learning_TestNG.First_TestNG_Class" name="test" time="0.024">
    <system-out>
      <![CDATA[First TestNG Class]]>
    </system-out>
  </testcase> <!-- test -->
  <system-out>
    <![CDATA[First TestNG Class]]>
  </system-out>
</testsuite> <!-- Learning_TestNG.First_TestNG_Class -->
