<?xml version="1.0" encoding="UTF-8"?>
<!-- Generated by org.testng.reporters.JUnitReportReporter -->
<testsuite hostname="DESKTOP-H20GP14" failures="0" tests="3" name="Learning_TestNG.Depends_On_Method_Attribute" time="0.023" errors="0" timestamp="2026-03-17T13:46:40 IST" skipped="0">
  <testcase classname="Learning_TestNG.Depends_On_Method_Attribute" name="register" time="0.018">
    <system-out>
      <![CDATA[register]]>
    </system-out>
  </testcase> <!-- register -->
  <testcase classname="Learning_TestNG.Depends_On_Method_Attribute" name="login" time="0.003">
    <system-out>
      <![CDATA[login]]>
    </system-out>
  </testcase> <!-- login -->
  <testcase classname="Learning_TestNG.Depends_On_Method_Attribute" name="purchase" time="0.002">
    <system-out>
      <![CDATA[purchase]]>
    </system-out>
  </testcase> <!-- purchase -->
  <system-out>
    <![CDATA[register
login
purchase]]>
  </system-out>
</testsuite> <!-- Learning_TestNG.Depends_On_Method_Attribute -->
