<?xml version="1.0" encoding="UTF-8"?>
<!-- Generated by org.testng.reporters.JUnitReportReporter -->
<testsuite hostname="DESKTOP-H20GP14" failures="0" tests="5" name="Learning_TestNG.ThreadPoolSize_Attribute" time="79.671" errors="0" timestamp="2026-03-18T17:17:38 IST" skipped="0">
  <testcase classname="Learning_TestNG.ThreadPoolSize_Attribute" name="loginTest" time="15.647"/>
  <testcase classname="Learning_TestNG.ThreadPoolSize_Attribute" name="loginTest" time="15.583"/>
  <testcase classname="Learning_TestNG.ThreadPoolSize_Attribute" name="loginTest" time="15.538"/>
  <testcase classname="Learning_TestNG.ThreadPoolSize_Attribute" name="loginTest" time="15.615"/>
  <testcase classname="Learning_TestNG.ThreadPoolSize_Attribute" name="loginTest" time="17.288"/>
</testsuite> <!-- Learning_TestNG.ThreadPoolSize_Attribute -->
