<?xml version="1.0" encoding="UTF-8"?>
<!-- Generated by org.testng.reporters.JUnitReportReporter -->
<testsuite hostname="DESKTOP-H20GP14" failures="0" tests="5" name="Learning_TestNG.Invocation_Count_Attribute" time="66.973" errors="0" timestamp="2026-03-18T13:03:13 IST" skipped="0">
  <testcase classname="Learning_TestNG.Invocation_Count_Attribute" name="loginTest" time="14.685"/>
  <testcase classname="Learning_TestNG.Invocation_Count_Attribute" name="loginTest" time="13.672"/>
  <testcase classname="Learning_TestNG.Invocation_Count_Attribute" name="loginTest" time="12.091"/>
  <testcase classname="Learning_TestNG.Invocation_Count_Attribute" name="loginTest" time="13.535"/>
  <testcase classname="Learning_TestNG.Invocation_Count_Attribute" name="loginTest" time="12.990"/>
</testsuite> <!-- Learning_TestNG.Invocation_Count_Attribute -->
