<?xml version="1.0" encoding="UTF-8"?>
<!-- Generated by org.testng.reporters.JUnitReportReporter -->
<testsuite hostname="DESKTOP-H20GP14" failures="0" tests="3" name="testScripts.CartTest_Class" time="17.395" errors="0" timestamp="2026-03-28T17:59:14 IST" skipped="0">
  <testcase classname="testScripts.CartTest_Class" name="addToCartTest" time="5.252">
    <system-out>
      <![CDATA[Add To Cart]]>
    </system-out>
  </testcase> <!-- addToCartTest -->
  <testcase classname="testScripts.CartTest_Class" name="updateProductionCountTest" time="6.357">
    <system-out>
      <![CDATA[Update Cart]]>
    </system-out>
  </testcase> <!-- updateProductionCountTest -->
  <testcase classname="testScripts.CartTest_Class" name="removeFromCartTest" time="5.786">
    <system-out>
      <![CDATA[Remove From Cart]]>
    </system-out>
  </testcase> <!-- removeFromCartTest -->
  <system-out>
    <![CDATA[@BeforeClass
@AfterMethod
Add To Cart
@AfterMethod
@AfterMethod
Update Cart
@AfterMethod
@AfterMethod
Remove From Cart
@AfterMethod
@AfterClass]]>
  </system-out>
</testsuite> <!-- testScripts.CartTest_Class -->
